{"ts":1715069962155,"action":"PROJECT_OPENED","tags":{"PROJECT_NAME":"AutoConverter-develop"}}
{"ts":1715069962939,"action":"FILE_OPENED","file":"/README.md","tags":{"FILE_LINE_OF_CODE":"135"}}
{"ts":1715069963614,"action":"IDE_DEACTIVATED"}
{"ts":1715069974011,"action":"IDE_ACTIVATED"}
{"ts":1715069974528,"action":"IDE_DEACTIVATED"}
{"ts":1715069976833,"action":"IDE_ACTIVATED"}
{"ts":1715069988056,"action":"FILE_CLOSED","file":"/README.md","tags":{"FILE_LINE_OF_CODE":"135"}}
{"ts":1715069988056,"action":"FILE_OPENED","file":"/local.properties","tags":{"FILE_LINE_OF_CODE":"9"}}
{"ts":1715069990599,"action":"FILE_CLOSED","file":"/local.properties","tags":{"FILE_LINE_OF_CODE":"9"}}
{"ts":1715069990599,"action":"FILE_OPENED","file":"/gradle.properties","tags":{"FILE_LINE_OF_CODE":"26"}}
{"ts":1715070022177,"action":"FILE_CLOSED","file":"/gradle.properties","tags":{"FILE_LINE_OF_CODE":"26"}}
{"ts":1715070048299,"action":"IDE_DEACTIVATED"}
{"ts":1715070049162,"action":"FILE_OPENED","file":"/build.gradle.kts","tags":{"FILE_LINE_OF_CODE":"7"}}
{"ts":1715070234831,"action":"IDE_ACTIVATED"}
{"ts":1715070258875,"action":"IDE_DEACTIVATED"}
{"ts":1715070262163,"action":"IDE_ACTIVATED"}
{"ts":1715070282131,"action":"IDE_DEACTIVATED"}
{"ts":1715070285931,"action":"IDE_ACTIVATED"}
{"ts":1715070286449,"action":"IDE_DEACTIVATED"}
{"ts":1715070288634,"action":"IDE_ACTIVATED"}
{"ts":1715070297522,"action":"IDE_DEACTIVATED"}
{"ts":1715070299851,"action":"IDE_ACTIVATED"}
{"ts":1715070319395,"action":"IDE_DEACTIVATED"}
{"ts":1715070709733,"action":"IDE_ACTIVATED"}
{"ts":1715070722644,"action":"IDE_DEACTIVATED"}
{"ts":1715070729595,"action":"IDE_ACTIVATED"}
{"ts":1715070730659,"action":"IDE_DEACTIVATED"}
{"ts":1715070765912,"action":"IDE_ACTIVATED"}
{"ts":1715070768834,"action":"IDE_DEACTIVATED"}
{"ts":1715070772024,"action":"IDE_ACTIVATED"}
{"ts":1715070925273,"action":"IDE_DEACTIVATED"}
{"ts":1715070976435,"action":"IDE_ACTIVATED"}
{"ts":1715070978343,"action":"IDE_DEACTIVATED"}
{"ts":1715070985287,"action":"IDE_ACTIVATED"}
{"ts":1715070990329,"action":"FILE_CLOSED","file":"/build.gradle.kts","tags":{"FILE_LINE_OF_CODE":"7"}}
{"ts":1715070990329,"action":"FILE_OPENED","file":"/generator/src/main/java/com/mato/stg4/generator/AutoConvertProcessor.kt","tags":{"FILE_LINE_OF_CODE":"29"}}
{"ts":1715070991143,"action":"FILE_CLOSED","file":"/generator/src/main/java/com/mato/stg4/generator/AutoConvertProcessor.kt","tags":{"FILE_LINE_OF_CODE":"29"}}
{"ts":1715070991143,"action":"FILE_OPENED","file":"/generator/src/main/java/com/mato/stg4/generator/ACGenerator.kt","tags":{"FILE_LINE_OF_CODE":"193"}}
{"ts":1715070991724,"action":"FILE_CLOSED","file":"/generator/src/main/java/com/mato/stg4/generator/ACGenerator.kt","tags":{"FILE_LINE_OF_CODE":"193"}}
{"ts":1715070991724,"action":"FILE_OPENED","file":"/generator/src/main/java/com/mato/stg4/generator/AutoConvertProcessor.kt","tags":{"FILE_LINE_OF_CODE":"29"}}
{"ts":1715070992327,"action":"FILE_CLOSED","file":"/generator/src/main/java/com/mato/stg4/generator/AutoConvertProcessor.kt","tags":{"FILE_LINE_OF_CODE":"29"}}
{"ts":1715070992327,"action":"FILE_OPENED","file":"/generator/src/main/java/com/mato/stg4/generator/Ext.kt","tags":{"FILE_LINE_OF_CODE":"31"}}
{"ts":1715070992805,"action":"FILE_CLOSED","file":"/generator/src/main/java/com/mato/stg4/generator/Ext.kt","tags":{"FILE_LINE_OF_CODE":"31"}}
{"ts":1715070992805,"action":"FILE_OPENED","file":"/generator/src/main/java/com/mato/stg4/generator/JsonNamingStrategy.kt","tags":{"FILE_LINE_OF_CODE":"14"}}
{"ts":1715070999368,"action":"FILE_CLOSED","file":"/generator/src/main/java/com/mato/stg4/generator/JsonNamingStrategy.kt","tags":{"FILE_LINE_OF_CODE":"14"}}
{"ts":1715070999368,"action":"FILE_OPENED","file":"/annotation/src/main/java/com/mato/stg4/annotation/NamingStrategy.kt","tags":{"FILE_LINE_OF_CODE":"17"}}
{"ts":1715071009355,"action":"IDE_DEACTIVATED"}
{"ts":1715071013933,"action":"IDE_ACTIVATED"}
{"ts":1715071027166,"action":"FILE_CLOSED","file":"/annotation/src/main/java/com/mato/stg4/annotation/NamingStrategy.kt","tags":{"FILE_LINE_OF_CODE":"17"}}
{"ts":1715071027166,"action":"FILE_OPENED","file":"/generator/src/main/java/com/mato/stg4/generator/JsonNamingStrategy.kt","tags":{"FILE_LINE_OF_CODE":"14"}}
{"ts":1715071058626,"action":"FILE_CLOSED","file":"/generator/src/main/java/com/mato/stg4/generator/JsonNamingStrategy.kt","tags":{"FILE_LINE_OF_CODE":"14"}}
{"ts":1715071058626,"action":"FILE_OPENED","file":"/generator/src/main/java/com/mato/stg4/generator/Ext.kt","tags":{"FILE_LINE_OF_CODE":"31"}}
{"ts":1715071060938,"action":"FILE_CLOSED","file":"/generator/src/main/java/com/mato/stg4/generator/Ext.kt","tags":{"FILE_LINE_OF_CODE":"31"}}
{"ts":1715071087975,"action":"IDE_DEACTIVATED"}
{"ts":1715071102355,"action":"IDE_ACTIVATED"}
{"ts":1715071102960,"action":"IDE_DEACTIVATED"}
{"ts":1715071103096,"action":"IDE_ACTIVATED"}
{"ts":1715071105915,"action":"IDE_DEACTIVATED"}
{"ts":1715071125599,"action":"IDE_ACTIVATED"}
{"ts":1715071126872,"action":"IDE_DEACTIVATED"}
{"ts":1715071132024,"action":"IDE_ACTIVATED"}
{"ts":1715071134112,"action":"IDE_DEACTIVATED"}
{"ts":1715071137625,"action":"IDE_ACTIVATED"}
{"ts":1715071217830,"action":"IDE_DEACTIVATED"}
{"ts":1715071223153,"action":"IDE_ACTIVATED"}
{"ts":1715071223690,"action":"IDE_DEACTIVATED"}
{"ts":1715071253008,"action":"IDE_ACTIVATED"}
{"ts":1715071324856,"action":"FILE_OPENED","file":"/generator/src/main/java/com/mato/stg4/generator/Ext.kt","tags":{"FILE_LINE_OF_CODE":"31"}}
{"ts":1715071330519,"action":"FILE_CLOSED","file":"/generator/src/main/java/com/mato/stg4/generator/Ext.kt","tags":{"FILE_LINE_OF_CODE":"31"}}
{"ts":1715071385080,"action":"FILE_OPENED","file":"/generator/src/main/java/com/mato/stg4/generator/Ext.kt","tags":{"FILE_LINE_OF_CODE":"31"}}
{"ts":1715071406919,"action":"FILE_CLOSED","file":"/generator/src/main/java/com/mato/stg4/generator/Ext.kt","tags":{"FILE_LINE_OF_CODE":"31"}}
{"ts":1715071428681,"action":"FILE_OPENED","file":"/generator/src/main/java/com/mato/stg4/generator/Ext.kt","tags":{"FILE_LINE_OF_CODE":"31"}}
{"ts":1715071449039,"action":"IDE_DEACTIVATED"}
{"ts":1715071451060,"action":"IDE_ACTIVATED"}
{"ts":1715071476839,"action":"IDE_DEACTIVATED"}
{"ts":1715071477701,"action":"IDE_ACTIVATED"}
{"ts":1715071479626,"action":"FILE_CLOSED","file":"/generator/src/main/java/com/mato/stg4/generator/Ext.kt","tags":{"FILE_LINE_OF_CODE":"31"}}
{"ts":1715071479626,"action":"FILE_OPENED","file":"/generator/src/main/java/com/mato/stg4/generator/AutoConvertProcessorProvider.kt","tags":{"FILE_LINE_OF_CODE":"17"}}
{"ts":1715071508709,"action":"FILE_CLOSED","file":"/generator/src/main/java/com/mato/stg4/generator/AutoConvertProcessorProvider.kt","tags":{"FILE_LINE_OF_CODE":"17"}}
{"ts":1715071508709,"action":"FILE_OPENED","file":"/generator/src/main/java/com/mato/stg4/generator/ACGenerator.kt","tags":{"FILE_LINE_OF_CODE":"193"}}
{"ts":1715071522866,"action":"FILE_CLOSED","file":"/generator/src/main/java/com/mato/stg4/generator/ACGenerator.kt","tags":{"FILE_LINE_OF_CODE":"193"}}
{"ts":1715071522866,"action":"FILE_OPENED","file":"/generator/src/main/java/com/mato/stg4/generator/AutoConvertProcessor.kt","tags":{"FILE_LINE_OF_CODE":"29"}}
{"ts":1715071526346,"action":"FILE_CLOSED","file":"/generator/src/main/java/com/mato/stg4/generator/AutoConvertProcessor.kt","tags":{"FILE_LINE_OF_CODE":"29"}}
{"ts":1715071526347,"action":"FILE_OPENED","file":"/generator/src/main/java/com/mato/stg4/generator/AutoConvertProcessorProvider.kt","tags":{"FILE_LINE_OF_CODE":"17"}}
{"ts":1715071537560,"action":"FILE_CLOSED","file":"/generator/src/main/java/com/mato/stg4/generator/AutoConvertProcessorProvider.kt","tags":{"FILE_LINE_OF_CODE":"17"}}
{"ts":1715071546715,"action":"FILE_OPENED","file":"/generator/src/main/java/com/mato/stg4/generator/AutoConvertProcessorProvider.kt","tags":{"FILE_LINE_OF_CODE":"17"}}
{"ts":1715071555948,"action":"FILE_CLOSED","file":"/generator/src/main/java/com/mato/stg4/generator/AutoConvertProcessorProvider.kt","tags":{"FILE_LINE_OF_CODE":"17"}}
{"ts":1715071555948,"action":"FILE_OPENED","file":"/generator/src/main/java/com/mato/stg4/generator/AutoConvertProcessor.kt","tags":{"FILE_LINE_OF_CODE":"29"}}
{"ts":1715071575282,"action":"FILE_CLOSED","file":"/generator/src/main/java/com/mato/stg4/generator/AutoConvertProcessor.kt","tags":{"FILE_LINE_OF_CODE":"29"}}
{"ts":1715071578304,"action":"FILE_OPENED","file":"/generator/src/main/java/com/mato/stg4/generator/AutoConvertProcessor.kt","tags":{"FILE_LINE_OF_CODE":"29"}}
{"ts":1715071589703,"action":"IDE_DEACTIVATED"}
{"ts":1715071624604,"action":"IDE_ACTIVATED"}
{"ts":1715071625843,"action":"FILE_CLOSED","file":"/generator/src/main/java/com/mato/stg4/generator/AutoConvertProcessor.kt","tags":{"FILE_LINE_OF_CODE":"29"}}
{"ts":1715071627621,"action":"IDE_DEACTIVATED"}
{"ts":1715071629207,"action":"IDE_ACTIVATED"}
{"ts":1715071630270,"action":"IDE_DEACTIVATED"}
{"ts":1715071633691,"action":"IDE_ACTIVATED"}
{"ts":1715071634852,"action":"FILE_OPENED","file":"/generator/src/main/java/com/mato/stg4/generator/AutoConvertProcessorProvider.kt","tags":{"FILE_LINE_OF_CODE":"17"}}
{"ts":1715071636156,"action":"FILE_CLOSED","file":"/generator/src/main/java/com/mato/stg4/generator/AutoConvertProcessorProvider.kt","tags":{"FILE_LINE_OF_CODE":"17"}}
{"ts":1715071636156,"action":"FILE_OPENED","file":"/generator/src/main/java/com/mato/stg4/generator/ACGenerator.kt","tags":{"FILE_LINE_OF_CODE":"193"}}
{"ts":1715071637817,"action":"FILE_CLOSED","file":"/generator/src/main/java/com/mato/stg4/generator/ACGenerator.kt","tags":{"FILE_LINE_OF_CODE":"193"}}
{"ts":1715071637817,"action":"FILE_OPENED","file":"/generator/src/main/java/com/mato/stg4/generator/AutoConvertProcessorProvider.kt","tags":{"FILE_LINE_OF_CODE":"17"}}
{"ts":1715071638882,"action":"FILE_CLOSED","file":"/generator/src/main/java/com/mato/stg4/generator/AutoConvertProcessorProvider.kt","tags":{"FILE_LINE_OF_CODE":"17"}}
{"ts":1715071638882,"action":"FILE_OPENED","file":"/generator/src/main/java/com/mato/stg4/generator/AutoConvertProcessor.kt","tags":{"FILE_LINE_OF_CODE":"29"}}
{"ts":1715071642533,"action":"FILE_CLOSED","file":"/generator/src/main/java/com/mato/stg4/generator/AutoConvertProcessor.kt","tags":{"FILE_LINE_OF_CODE":"29"}}
{"ts":1715071652183,"action":"IDE_DEACTIVATED"}
{"ts":1715071803665,"action":"IDE_ACTIVATED"}
{"ts":1715071804534,"action":"IDE_DEACTIVATED"}
{"ts":1715071828461,"action":"IDE_ACTIVATED"}
{"ts":1715071828874,"action":"IDE_DEACTIVATED"}
{"ts":1715071830753,"action":"IDE_ACTIVATED"}
{"ts":1715071832580,"action":"FILE_OPENED","file":"/generator/src/main/java/com/mato/stg4/generator/AutoConvertProcessor.kt","tags":{"FILE_LINE_OF_CODE":"29"}}
{"ts":1715071839294,"action":"FILE_CLOSED","file":"/generator/src/main/java/com/mato/stg4/generator/AutoConvertProcessor.kt","tags":{"FILE_LINE_OF_CODE":"30"}}
{"ts":1715071843777,"action":"FILE_OPENED","file":"/generator/src/main/java/com/mato/stg4/generator/AutoConvertProcessor.kt","tags":{"FILE_LINE_OF_CODE":"30"}}
{"ts":1715071847855,"action":"FILE_CLOSED","file":"/generator/src/main/java/com/mato/stg4/generator/AutoConvertProcessor.kt","tags":{"FILE_LINE_OF_CODE":"30"}}
{"ts":1715071851065,"action":"FILE_OPENED","file":"/generator/src/main/java/com/mato/stg4/generator/AutoConvertProcessor.kt","tags":{"FILE_LINE_OF_CODE":"30"}}
{"ts":1715071880610,"action":"IDE_DEACTIVATED"}
{"ts":1715071881882,"action":"IDE_ACTIVATED"}
{"ts":1715071885959,"action":"IDE_DEACTIVATED"}
{"ts":1715071920456,"action":"IDE_ACTIVATED"}
{"ts":1715071924504,"action":"IDE_DEACTIVATED"}
{"ts":1715071943646,"action":"IDE_ACTIVATED"}
{"ts":1715071944686,"action":"IDE_DEACTIVATED"}
{"ts":1715071946727,"action":"IDE_ACTIVATED"}
{"ts":1715071947164,"action":"IDE_DEACTIVATED"}
{"ts":1715071954567,"action":"IDE_ACTIVATED"}
{"ts":1715071998526,"action":"IDE_DEACTIVATED"}
{"ts":1715072013877,"action":"IDE_ACTIVATED"}
{"ts":1715072025422,"action":"FILE_CLOSED","file":"/generator/src/main/java/com/mato/stg4/generator/AutoConvertProcessor.kt","tags":{"FILE_LINE_OF_CODE":"29"}}
{"ts":1715072027992,"action":"FILE_OPENED","file":"/generator/src/main/java/com/mato/stg4/generator/AutoConvertProcessor.kt","tags":{"FILE_LINE_OF_CODE":"29"}}
{"ts":1715072042393,"action":"FILE_CLOSED","file":"/generator/src/main/java/com/mato/stg4/generator/AutoConvertProcessor.kt","tags":{"FILE_LINE_OF_CODE":"29"}}
{"ts":1715072044601,"action":"FILE_OPENED","file":"/generator/src/main/java/com/mato/stg4/generator/AutoConvertProcessor.kt","tags":{"FILE_LINE_OF_CODE":"29"}}
{"ts":1715072045300,"action":"IDE_DEACTIVATED"}
{"ts":1715072097691,"action":"IDE_ACTIVATED"}
{"ts":1715072101070,"action":"IDE_DEACTIVATED"}
{"ts":1715072123680,"action":"IDE_ACTIVATED"}
{"ts":1715072150500,"action":"IDE_DEACTIVATED"}
{"ts":1715072163540,"action":"IDE_ACTIVATED"}
{"ts":1715072241285,"action":"IDE_DEACTIVATED"}
{"ts":1715072291312,"action":"IDE_ACTIVATED"}
{"ts":1715072329299,"action":"IDE_DEACTIVATED"}
{"ts":1715072344183,"action":"IDE_ACTIVATED"}
{"ts":1715072345234,"action":"IDE_DEACTIVATED"}
{"ts":1715072346398,"action":"IDE_ACTIVATED"}
{"ts":1715072352908,"action":"FILE_CLOSED","file":"/generator/src/main/java/com/mato/stg4/generator/AutoConvertProcessor.kt","tags":{"FILE_LINE_OF_CODE":"34"}}
{"ts":1715072361961,"action":"FILE_OPENED","file":"/generator/src/main/java/com/mato/stg4/generator/AutoConvertProcessor.kt","tags":{"FILE_LINE_OF_CODE":"34"}}
{"ts":1715072362172,"action":"IDE_DEACTIVATED"}
{"ts":1715072380385,"action":"IDE_ACTIVATED"}
{"ts":1715072381815,"action":"FILE_CLOSED","file":"/generator/src/main/java/com/mato/stg4/generator/AutoConvertProcessor.kt","tags":{"FILE_LINE_OF_CODE":"34"}}
{"ts":1715072384695,"action":"FILE_OPENED","file":"/generator/src/main/java/com/mato/stg4/generator/AutoConvertProcessor.kt","tags":{"FILE_LINE_OF_CODE":"34"}}
{"ts":1715072399597,"action":"FILE_CLOSED","file":"/generator/src/main/java/com/mato/stg4/generator/AutoConvertProcessor.kt","tags":{"FILE_LINE_OF_CODE":"34"}}
{"ts":1715072403431,"action":"FILE_OPENED","file":"/generator/src/main/java/com/mato/stg4/generator/AutoConvertProcessor.kt","tags":{"FILE_LINE_OF_CODE":"34"}}
{"ts":1715072417039,"action":"FILE_CLOSED","file":"/generator/src/main/java/com/mato/stg4/generator/AutoConvertProcessor.kt","tags":{"FILE_LINE_OF_CODE":"34"}}
{"ts":1715072418782,"action":"FILE_OPENED","file":"/generator/src/main/java/com/mato/stg4/generator/AutoConvertProcessor.kt","tags":{"FILE_LINE_OF_CODE":"34"}}
{"ts":1715072419740,"action":"FILE_CLOSED","file":"/generator/src/main/java/com/mato/stg4/generator/AutoConvertProcessor.kt","tags":{"FILE_LINE_OF_CODE":"34"}}
{"ts":1715072419740,"action":"FILE_OPENED","file":"/generator/src/main/java/com/mato/stg4/generator/AutoConvertProcessorProvider.kt","tags":{"FILE_LINE_OF_CODE":"17"}}
{"ts":1715072424677,"action":"FILE_CLOSED","file":"/generator/src/main/java/com/mato/stg4/generator/AutoConvertProcessorProvider.kt","tags":{"FILE_LINE_OF_CODE":"17"}}
{"ts":1715072427370,"action":"FILE_OPENED","file":"/generator/src/main/java/com/mato/stg4/generator/AutoConvertProcessorProvider.kt","tags":{"FILE_LINE_OF_CODE":"17"}}
{"ts":1715072430528,"action":"FILE_CLOSED","file":"/generator/src/main/java/com/mato/stg4/generator/AutoConvertProcessorProvider.kt","tags":{"FILE_LINE_OF_CODE":"17"}}
{"ts":1715072438233,"action":"FILE_OPENED","file":"/generator/src/main/java/com/mato/stg4/generator/AutoConvertProcessorProvider.kt","tags":{"FILE_LINE_OF_CODE":"17"}}
{"ts":1715072441389,"action":"FILE_CLOSED","file":"/generator/src/main/java/com/mato/stg4/generator/AutoConvertProcessorProvider.kt","tags":{"FILE_LINE_OF_CODE":"17"}}
{"ts":1715072441392,"action":"FILE_OPENED","file":"/generator/src/main/java/com/mato/stg4/generator/Ext.kt","tags":{"FILE_LINE_OF_CODE":"31"}}
{"ts":1715072443109,"action":"FILE_CLOSED","file":"/generator/src/main/java/com/mato/stg4/generator/Ext.kt","tags":{"FILE_LINE_OF_CODE":"31"}}
{"ts":1715072443113,"action":"FILE_OPENED","file":"/generator/src/main/java/com/mato/stg4/generator/ACGenerator.kt","tags":{"FILE_LINE_OF_CODE":"193"}}
{"ts":1715072444142,"action":"FILE_CLOSED","file":"/generator/src/main/java/com/mato/stg4/generator/ACGenerator.kt","tags":{"FILE_LINE_OF_CODE":"193"}}
{"ts":1715072444142,"action":"FILE_OPENED","file":"/generator/src/main/java/com/mato/stg4/generator/AutoConvertProcessor.kt","tags":{"FILE_LINE_OF_CODE":"34"}}
{"ts":1715072450523,"action":"IDE_DEACTIVATED"}
{"ts":1715072464353,"action":"IDE_ACTIVATED"}
{"ts":1715072476093,"action":"FILE_CLOSED","file":"/generator/src/main/java/com/mato/stg4/generator/AutoConvertProcessor.kt","tags":{"FILE_LINE_OF_CODE":"30"}}
{"ts":1715072476093,"action":"FILE_OPENED","file":"/generator/src/main/java/com/mato/stg4/generator/AutoConvertProcessorProvider.kt","tags":{"FILE_LINE_OF_CODE":"17"}}
{"ts":1715072485220,"action":"FILE_CLOSED","file":"/generator/src/main/java/com/mato/stg4/generator/AutoConvertProcessorProvider.kt","tags":{"FILE_LINE_OF_CODE":"17"}}
{"ts":1715072489688,"action":"FILE_OPENED","file":"/generator/src/main/java/com/mato/stg4/generator/AutoConvertProcessorProvider.kt","tags":{"FILE_LINE_OF_CODE":"17"}}
{"ts":1715072499445,"action":"FILE_CLOSED","file":"/generator/src/main/java/com/mato/stg4/generator/AutoConvertProcessorProvider.kt","tags":{"FILE_LINE_OF_CODE":"17"}}
{"ts":1715072499445,"action":"FILE_OPENED","file":"/generator/src/main/resources/META-INF/services/com.google.devtools.ksp.processing.SymbolProcessorProvider","tags":{"FILE_LINE_OF_CODE":"1"}}
{"ts":1715072502245,"action":"FILE_CLOSED","file":"/generator/src/main/resources/META-INF/services/com.google.devtools.ksp.processing.SymbolProcessorProvider","tags":{"FILE_LINE_OF_CODE":"1"}}
{"ts":1715072502247,"action":"FILE_OPENED","file":"/generator/src/main/java/com/mato/stg4/generator/AutoConvertProcessorProvider.kt","tags":{"FILE_LINE_OF_CODE":"17"}}
{"ts":1715072515966,"action":"IDE_DEACTIVATED"}
{"ts":1715072516940,"action":"IDE_ACTIVATED"}
{"ts":1715072527785,"action":"IDE_DEACTIVATED"}
{"ts":1715072529455,"action":"IDE_ACTIVATED"}
{"ts":1715072530899,"action":"FILE_CLOSED","file":"/generator/src/main/java/com/mato/stg4/generator/AutoConvertProcessorProvider.kt","tags":{"FILE_LINE_OF_CODE":"17"}}
{"ts":1715072545790,"action":"FILE_OPENED","file":"/generator/src/main/java/com/mato/stg4/generator/ACGenerator.kt","tags":{"FILE_LINE_OF_CODE":"193"}}
{"ts":1715072550903,"action":"FILE_CLOSED","file":"/generator/src/main/java/com/mato/stg4/generator/ACGenerator.kt","tags":{"FILE_LINE_OF_CODE":"193"}}
{"ts":1715072550903,"action":"FILE_OPENED","file":"/generator/src/main/java/com/mato/stg4/generator/AutoConvertProcessor.kt","tags":{"FILE_LINE_OF_CODE":"30"}}
{"ts":1715072551797,"action":"FILE_CLOSED","file":"/generator/src/main/java/com/mato/stg4/generator/AutoConvertProcessor.kt","tags":{"FILE_LINE_OF_CODE":"30"}}
{"ts":1715072551797,"action":"FILE_OPENED","file":"/generator/src/main/java/com/mato/stg4/generator/AutoConvertProcessorProvider.kt","tags":{"FILE_LINE_OF_CODE":"17"}}
{"ts":1715072553330,"action":"IDE_DEACTIVATED"}
{"ts":1715072581341,"action":"IDE_ACTIVATED"}
{"ts":1715072583066,"action":"IDE_DEACTIVATED"}
{"ts":1715072584094,"action":"IDE_ACTIVATED"}
{"ts":1715072862398,"action":"IDE_DEACTIVATED"}
{"ts":1715072876783,"action":"IDE_ACTIVATED"}
{"ts":1715072882881,"action":"IDE_DEACTIVATED"}
{"ts":1715072898584,"action":"IDE_ACTIVATED"}
{"ts":1715072927858,"action":"IDE_DEACTIVATED"}
{"ts":1715072931073,"action":"IDE_ACTIVATED"}
{"ts":1715072933792,"action":"IDE_DEACTIVATED"}
{"ts":1715072935292,"action":"IDE_ACTIVATED"}
{"ts":1715072994076,"action":"FILE_CLOSED","file":"/generator/src/main/java/com/mato/stg4/generator/AutoConvertProcessorProvider.kt","tags":{"FILE_LINE_OF_CODE":"18"}}
{"ts":1715072994076,"action":"FILE_OPENED","file":"/generator/src/main/java/com/mato/stg4/generator/AutoConvertProcessor.kt","tags":{"FILE_LINE_OF_CODE":"30"}}
{"ts":1715073018806,"action":"IDE_DEACTIVATED"}
{"ts":1715073137412,"action":"IDE_ACTIVATED"}
{"ts":1715073139956,"action":"FILE_CLOSED","file":"/generator/src/main/java/com/mato/stg4/generator/AutoConvertProcessor.kt","tags":{"FILE_LINE_OF_CODE":"30"}}
{"ts":1715073143994,"action":"FILE_OPENED","file":"/generator/src/main/java/com/mato/stg4/generator/AutoConvertProcessor.kt","tags":{"FILE_LINE_OF_CODE":"30"}}
{"ts":1715073144874,"action":"IDE_DEACTIVATED"}
{"ts":1715073150608,"action":"IDE_ACTIVATED"}
{"ts":1715073158975,"action":"FILE_CLOSED","file":"/generator/src/main/java/com/mato/stg4/generator/AutoConvertProcessor.kt","tags":{"FILE_LINE_OF_CODE":"30"}}
{"ts":1715073158975,"action":"FILE_OPENED","file":"/generator/src/main/java/com/mato/stg4/generator/ACGenerator.kt","tags":{"FILE_LINE_OF_CODE":"193"}}
{"ts":1715073162643,"action":"FILE_CLOSED","file":"/generator/src/main/java/com/mato/stg4/generator/ACGenerator.kt","tags":{"FILE_LINE_OF_CODE":"193"}}
{"ts":1715073164352,"action":"FILE_OPENED","file":"/generator/src/main/java/com/mato/stg4/generator/ACGenerator.kt","tags":{"FILE_LINE_OF_CODE":"193"}}
{"ts":1715073165714,"action":"FILE_CLOSED","file":"/generator/src/main/java/com/mato/stg4/generator/ACGenerator.kt","tags":{"FILE_LINE_OF_CODE":"193"}}
{"ts":1715073165714,"action":"FILE_OPENED","file":"/generator/src/main/java/com/mato/stg4/generator/AutoConvertProcessorProvider.kt","tags":{"FILE_LINE_OF_CODE":"18"}}
{"ts":1715073166497,"action":"FILE_CLOSED","file":"/generator/src/main/java/com/mato/stg4/generator/AutoConvertProcessorProvider.kt","tags":{"FILE_LINE_OF_CODE":"18"}}
{"ts":1715073166497,"action":"FILE_OPENED","file":"/generator/src/main/java/com/mato/stg4/generator/AutoConvertProcessor.kt","tags":{"FILE_LINE_OF_CODE":"30"}}
{"ts":1715073167813,"action":"FILE_CLOSED","file":"/generator/src/main/java/com/mato/stg4/generator/AutoConvertProcessor.kt","tags":{"FILE_LINE_OF_CODE":"30"}}
{"ts":1715073167813,"action":"FILE_OPENED","file":"/generator/src/main/java/com/mato/stg4/generator/ACGenerator.kt","tags":{"FILE_LINE_OF_CODE":"193"}}
{"ts":1715073183764,"action":"FILE_CLOSED","file":"/generator/src/main/java/com/mato/stg4/generator/ACGenerator.kt","tags":{"FILE_LINE_OF_CODE":"193"}}
{"ts":1715073187768,"action":"FILE_OPENED","file":"/generator/src/main/java/com/mato/stg4/generator/ACGenerator.kt","tags":{"FILE_LINE_OF_CODE":"193"}}
{"ts":1715073197817,"action":"FILE_CLOSED","file":"/generator/src/main/java/com/mato/stg4/generator/ACGenerator.kt","tags":{"FILE_LINE_OF_CODE":"193"}}
{"ts":1715073205067,"action":"FILE_OPENED","file":"/generator/src/main/java/com/mato/stg4/generator/AutoConvertProcessor.kt","tags":{"FILE_LINE_OF_CODE":"30"}}
{"ts":1715073205578,"action":"FILE_CLOSED","file":"/generator/src/main/java/com/mato/stg4/generator/AutoConvertProcessor.kt","tags":{"FILE_LINE_OF_CODE":"30"}}
{"ts":1715073205578,"action":"FILE_OPENED","file":"/generator/src/main/java/com/mato/stg4/generator/AutoConvertProcessorProvider.kt","tags":{"FILE_LINE_OF_CODE":"18"}}
{"ts":1715073206680,"action":"FILE_CLOSED","file":"/generator/src/main/java/com/mato/stg4/generator/AutoConvertProcessorProvider.kt","tags":{"FILE_LINE_OF_CODE":"18"}}
{"ts":1715073206680,"action":"FILE_OPENED","file":"/generator/src/main/java/com/mato/stg4/generator/AutoConvertProcessor.kt","tags":{"FILE_LINE_OF_CODE":"30"}}
{"ts":1715073207107,"action":"FILE_CLOSED","file":"/generator/src/main/java/com/mato/stg4/generator/AutoConvertProcessor.kt","tags":{"FILE_LINE_OF_CODE":"30"}}
{"ts":1715073207107,"action":"FILE_OPENED","file":"/generator/src/main/java/com/mato/stg4/generator/ACGenerator.kt","tags":{"FILE_LINE_OF_CODE":"193"}}
{"ts":1715073211833,"action":"IDE_DEACTIVATED"}
{"ts":1715073231724,"action":"IDE_ACTIVATED"}
{"ts":1715073236727,"action":"IDE_DEACTIVATED"}
{"ts":1715073303796,"action":"IDE_ACTIVATED"}
{"ts":1715073311708,"action":"FILE_CLOSED","file":"/generator/src/main/java/com/mato/stg4/generator/ACGenerator.kt","tags":{"FILE_LINE_OF_CODE":"193"}}
{"ts":1715073311708,"action":"FILE_OPENED","file":"/app/src/main/java/com/mato/stg4cpp/MainActivity.kt","tags":{"FILE_LINE_OF_CODE":"22"}}
{"ts":1715073317593,"action":"FILE_CLOSED","file":"/app/src/main/java/com/mato/stg4cpp/MainActivity.kt","tags":{"FILE_LINE_OF_CODE":"22"}}
{"ts":1715073317593,"action":"FILE_OPENED","file":"/app/src/main/java/com/mato/stg4cpp/Restaurant.kt","tags":{"FILE_LINE_OF_CODE":"17"}}
{"ts":1715073337610,"action":"FILE_CLOSED","file":"/app/src/main/java/com/mato/stg4cpp/Restaurant.kt","tags":{"FILE_LINE_OF_CODE":"17"}}
{"ts":1715073337610,"action":"FILE_OPENED","file":"/app/src/main/java/com/mato/stg4cpp/MainActivity.kt","tags":{"FILE_LINE_OF_CODE":"22"}}
{"ts":1715073338960,"action":"FILE_CLOSED","file":"/app/src/main/java/com/mato/stg4cpp/MainActivity.kt","tags":{"FILE_LINE_OF_CODE":"22"}}
{"ts":1715073338960,"action":"FILE_OPENED","file":"/app/src/main/java/com/mato/stg4cpp/pkg2/Location.kt","tags":{"FILE_LINE_OF_CODE":"15"}}
{"ts":1715073341289,"action":"FILE_CLOSED","file":"/app/src/main/java/com/mato/stg4cpp/pkg2/Location.kt","tags":{"FILE_LINE_OF_CODE":"15"}}
{"ts":1715073341289,"action":"FILE_OPENED","file":"/app/src/main/java/com/mato/stg4cpp/MainActivity.kt","tags":{"FILE_LINE_OF_CODE":"22"}}
{"ts":1715073344794,"action":"FILE_CLOSED","file":"/app/src/main/java/com/mato/stg4cpp/MainActivity.kt","tags":{"FILE_LINE_OF_CODE":"22"}}
{"ts":1715073344794,"action":"FILE_OPENED","file":"/app/src/main/java/com/mato/stg4cpp/Restaurant.kt","tags":{"FILE_LINE_OF_CODE":"17"}}
{"ts":1715073345363,"action":"FILE_CLOSED","file":"/app/src/main/java/com/mato/stg4cpp/Restaurant.kt","tags":{"FILE_LINE_OF_CODE":"17"}}
{"ts":1715073345363,"action":"FILE_OPENED","file":"/app/src/main/java/com/mato/stg4cpp/MainActivity.kt","tags":{"FILE_LINE_OF_CODE":"22"}}
{"ts":1715073351167,"action":"FILE_CLOSED","file":"/app/src/main/java/com/mato/stg4cpp/MainActivity.kt","tags":{"FILE_LINE_OF_CODE":"22"}}
{"ts":1715073351167,"action":"FILE_OPENED","file":"/app/build.gradle.kts","tags":{"FILE_LINE_OF_CODE":"54"}}
{"ts":1715073359107,"action":"FILE_CLOSED","file":"/app/build.gradle.kts","tags":{"FILE_LINE_OF_CODE":"54"}}
{"ts":1715073359107,"action":"FILE_OPENED","file":"/app/src/main/java/com/mato/stg4cpp/Restaurant.kt","tags":{"FILE_LINE_OF_CODE":"17"}}
{"ts":1715073360123,"action":"FILE_CLOSED","file":"/app/src/main/java/com/mato/stg4cpp/Restaurant.kt","tags":{"FILE_LINE_OF_CODE":"17"}}
{"ts":1715073360123,"action":"FILE_OPENED","file":"/app/src/main/java/com/mato/stg4cpp/MainActivity.kt","tags":{"FILE_LINE_OF_CODE":"22"}}
{"ts":1715073364968,"action":"FILE_CLOSED","file":"/app/src/main/java/com/mato/stg4cpp/MainActivity.kt","tags":{"FILE_LINE_OF_CODE":"22"}}
{"ts":1715073364968,"action":"FILE_OPENED","file":"/app/src/main/java/com/mato/stg4cpp/Restaurant.kt","tags":{"FILE_LINE_OF_CODE":"17"}}
{"ts":1715073368704,"action":"FILE_CLOSED","file":"/app/src/main/java/com/mato/stg4cpp/Restaurant.kt","tags":{"FILE_LINE_OF_CODE":"17"}}
{"ts":1715073368704,"action":"FILE_OPENED","file":"/app/src/main/java/com/mato/stg4cpp/MainActivity.kt","tags":{"FILE_LINE_OF_CODE":"22"}}
{"ts":1715073385543,"action":"FILE_CLOSED","file":"/app/src/main/java/com/mato/stg4cpp/MainActivity.kt","tags":{"FILE_LINE_OF_CODE":"22"}}
{"ts":1715073385543,"action":"FILE_OPENED","file":"/generator/src/main/java/com/mato/stg4/generator/AutoConvertProcessor.kt","tags":{"FILE_LINE_OF_CODE":"30"}}
{"ts":1715073387290,"action":"FILE_CLOSED","file":"/generator/src/main/java/com/mato/stg4/generator/AutoConvertProcessor.kt","tags":{"FILE_LINE_OF_CODE":"30"}}
{"ts":1715073387290,"action":"FILE_OPENED","file":"/generator/src/main/java/com/mato/stg4/generator/AutoConvertProcessorProvider.kt","tags":{"FILE_LINE_OF_CODE":"18"}}
{"ts":1715073389237,"action":"FILE_CLOSED","file":"/generator/src/main/java/com/mato/stg4/generator/AutoConvertProcessorProvider.kt","tags":{"FILE_LINE_OF_CODE":"18"}}
{"ts":1715073389237,"action":"FILE_OPENED","file":"/generator/src/main/java/com/mato/stg4/generator/ACGenerator.kt","tags":{"FILE_LINE_OF_CODE":"193"}}
{"ts":1715073408477,"action":"IDE_DEACTIVATED"}
{"ts":1715073434456,"action":"IDE_ACTIVATED"}
{"ts":1715073437505,"action":"FILE_CLOSED","file":"/generator/src/main/java/com/mato/stg4/generator/ACGenerator.kt","tags":{"FILE_LINE_OF_CODE":"193"}}
{"ts":1715073437505,"action":"FILE_OPENED","file":"/app/src/main/java/com/mato/stg4cpp/MainActivity.kt","tags":{"FILE_LINE_OF_CODE":"22"}}
{"ts":1715073461154,"action":"IDE_DEACTIVATED"}
{"ts":1715073462302,"action":"IDE_ACTIVATED"}
{"ts":1715073462525,"action":"IDE_DEACTIVATED"}
{"ts":1715073491336,"action":"IDE_ACTIVATED"}
{"ts":1715073493709,"action":"FILE_CLOSED","file":"/app/src/main/java/com/mato/stg4cpp/MainActivity.kt","tags":{"FILE_LINE_OF_CODE":"22"}}
{"ts":1715073493709,"action":"FILE_OPENED","file":"/app/.gitignore","tags":{"FILE_LINE_OF_CODE":"1"}}
{"ts":1715073494286,"action":"FILE_CLOSED","file":"/app/.gitignore","tags":{"FILE_LINE_OF_CODE":"1"}}
{"ts":1715073494286,"action":"FILE_OPENED","file":"/app/build.gradle.kts","tags":{"FILE_LINE_OF_CODE":"54"}}
{"ts":1715073494899,"action":"FILE_CLOSED","file":"/app/build.gradle.kts","tags":{"FILE_LINE_OF_CODE":"54"}}
{"ts":1715073494899,"action":"FILE_OPENED","file":"/app/src/main/java/com/mato/stg4cpp/MainActivity.kt","tags":{"FILE_LINE_OF_CODE":"22"}}
{"ts":1715073504969,"action":"FILE_CLOSED","file":"/app/src/main/java/com/mato/stg4cpp/MainActivity.kt","tags":{"FILE_LINE_OF_CODE":"22"}}
{"ts":1715073504969,"action":"FILE_OPENED","file":"/app/build/generated/ksp/debug/kotlin/com/mato/stg4cpp/RestaurantExt.kt","tags":{"FILE_LINE_OF_CODE":"30"}}
{"ts":1715073515564,"action":"FILE_CLOSED","file":"/app/build/generated/ksp/debug/kotlin/com/mato/stg4cpp/RestaurantExt.kt","tags":{"FILE_LINE_OF_CODE":"30"}}
{"ts":1715073527942,"action":"FILE_OPENED","file":"/app/build/generated/ksp/debug/kotlin/com/mato/stg4cpp/pkg2/LocationExt.kt","tags":{"FILE_LINE_OF_CODE":"24"}}
{"ts":1715073529200,"action":"FILE_CLOSED","file":"/app/build/generated/ksp/debug/kotlin/com/mato/stg4cpp/pkg2/LocationExt.kt","tags":{"FILE_LINE_OF_CODE":"24"}}
{"ts":1715073529200,"action":"FILE_OPENED","file":"/app/build/generated/ksp/debug/kotlin/com/mato/stg4cpp/RestaurantExt.kt","tags":{"FILE_LINE_OF_CODE":"30"}}
{"ts":1715073543095,"action":"FILE_CLOSED","file":"/app/build/generated/ksp/debug/kotlin/com/mato/stg4cpp/RestaurantExt.kt","tags":{"FILE_LINE_OF_CODE":"30"}}
{"ts":1715073559320,"action":"FILE_OPENED","file":"/app/build/generated/ksp/debug/kotlin/com/mato/stg4cpp/pkg2/LocationExt.kt","tags":{"FILE_LINE_OF_CODE":"24"}}
{"ts":1715073560137,"action":"FILE_CLOSED","file":"/app/build/generated/ksp/debug/kotlin/com/mato/stg4cpp/pkg2/LocationExt.kt","tags":{"FILE_LINE_OF_CODE":"24"}}
{"ts":1715073560137,"action":"FILE_OPENED","file":"/app/build/generated/ksp/debug/kotlin/com/mato/stg4cpp/RestaurantExt.kt","tags":{"FILE_LINE_OF_CODE":"30"}}
{"ts":1715073564544,"action":"FILE_CLOSED","file":"/app/build/generated/ksp/debug/kotlin/com/mato/stg4cpp/RestaurantExt.kt","tags":{"FILE_LINE_OF_CODE":"30"}}
{"ts":1715073564544,"action":"FILE_OPENED","file":"/app/src/main/java/com/mato/stg4cpp/MainActivity.kt","tags":{"FILE_LINE_OF_CODE":"22"}}
{"ts":1715073568736,"action":"FILE_CLOSED","file":"/app/src/main/java/com/mato/stg4cpp/MainActivity.kt","tags":{"FILE_LINE_OF_CODE":"22"}}
{"ts":1715073568736,"action":"FILE_OPENED","file":"/app/build/generated/ksp/debug/kotlin/com/mato/stg4cpp/pkg2/LocationExt.kt","tags":{"FILE_LINE_OF_CODE":"24"}}
{"ts":1715073569618,"action":"FILE_CLOSED","file":"/app/build/generated/ksp/debug/kotlin/com/mato/stg4cpp/pkg2/LocationExt.kt","tags":{"FILE_LINE_OF_CODE":"24"}}
{"ts":1715073569618,"action":"FILE_OPENED","file":"/app/build/generated/ksp/debug/kotlin/com/mato/stg4cpp/RestaurantExt.kt","tags":{"FILE_LINE_OF_CODE":"30"}}
{"ts":1715073570153,"action":"FILE_CLOSED","file":"/app/build/generated/ksp/debug/kotlin/com/mato/stg4cpp/RestaurantExt.kt","tags":{"FILE_LINE_OF_CODE":"30"}}
{"ts":1715073570153,"action":"FILE_OPENED","file":"/app/build/generated/ksp/debug/kotlin/com/mato/stg4cpp/pkg2/LocationExt.kt","tags":{"FILE_LINE_OF_CODE":"24"}}
{"ts":1715073573701,"action":"FILE_CLOSED","file":"/app/build/generated/ksp/debug/kotlin/com/mato/stg4cpp/pkg2/LocationExt.kt","tags":{"FILE_LINE_OF_CODE":"24"}}
{"ts":1715073573701,"action":"FILE_OPENED","file":"/app/build/generated/ksp/debug/kotlin/com/mato/stg4cpp/RestaurantExt.kt","tags":{"FILE_LINE_OF_CODE":"30"}}
{"ts":1715073580881,"action":"FILE_CLOSED","file":"/app/build/generated/ksp/debug/kotlin/com/mato/stg4cpp/RestaurantExt.kt","tags":{"FILE_LINE_OF_CODE":"30"}}
{"ts":1715073590838,"action":"FILE_OPENED","file":"/app/build/generated/ksp/debug/kotlin/com/mato/stg4cpp/RestaurantExt.kt","tags":{"FILE_LINE_OF_CODE":"30"}}
{"ts":1715073593242,"action":"FILE_CLOSED","file":"/app/build/generated/ksp/debug/kotlin/com/mato/stg4cpp/RestaurantExt.kt","tags":{"FILE_LINE_OF_CODE":"30"}}
{"ts":1715073593245,"action":"FILE_OPENED","file":"/app/src/main/java/com/mato/stg4cpp/MainActivity.kt","tags":{"FILE_LINE_OF_CODE":"22"}}
{"ts":1715073595139,"action":"FILE_CLOSED","file":"/app/src/main/java/com/mato/stg4cpp/MainActivity.kt","tags":{"FILE_LINE_OF_CODE":"22"}}
{"ts":1715073595139,"action":"FILE_OPENED","file":"/generator/src/main/java/com/mato/stg4/generator/ACGenerator.kt","tags":{"FILE_LINE_OF_CODE":"193"}}
{"ts":1715073595676,"action":"FILE_CLOSED","file":"/generator/src/main/java/com/mato/stg4/generator/ACGenerator.kt","tags":{"FILE_LINE_OF_CODE":"193"}}
{"ts":1715073595676,"action":"FILE_OPENED","file":"/generator/src/main/java/com/mato/stg4/generator/AutoConvertProcessorProvider.kt","tags":{"FILE_LINE_OF_CODE":"18"}}
{"ts":1715073603001,"action":"FILE_CLOSED","file":"/generator/src/main/java/com/mato/stg4/generator/AutoConvertProcessorProvider.kt","tags":{"FILE_LINE_OF_CODE":"18"}}
{"ts":1715073603001,"action":"FILE_OPENED","file":"/app/build/generated/ksp/debug/kotlin/com/mato/stg4cpp/RestaurantExt.kt","tags":{"FILE_LINE_OF_CODE":"30"}}
{"ts":1715073603850,"action":"FILE_CLOSED","file":"/app/build/generated/ksp/debug/kotlin/com/mato/stg4cpp/RestaurantExt.kt","tags":{"FILE_LINE_OF_CODE":"30"}}
{"ts":1715073603850,"action":"FILE_OPENED","file":"/app/build/generated/ksp/debug/kotlin/com/mato/stg4cpp/pkg2/LocationExt.kt","tags":{"FILE_LINE_OF_CODE":"24"}}
{"ts":1715073607653,"action":"FILE_CLOSED","file":"/app/build/generated/ksp/debug/kotlin/com/mato/stg4cpp/pkg2/LocationExt.kt","tags":{"FILE_LINE_OF_CODE":"24"}}
{"ts":1715073607653,"action":"FILE_OPENED","file":"/app/src/main/java/com/mato/stg4cpp/MainActivity.kt","tags":{"FILE_LINE_OF_CODE":"22"}}
{"ts":1715073608169,"action":"FILE_CLOSED","file":"/app/src/main/java/com/mato/stg4cpp/MainActivity.kt","tags":{"FILE_LINE_OF_CODE":"22"}}
{"ts":1715073608169,"action":"FILE_OPENED","file":"/app/src/main/java/com/mato/stg4cpp/Restaurant.kt","tags":{"FILE_LINE_OF_CODE":"17"}}
{"ts":1715073609138,"action":"FILE_CLOSED","file":"/app/src/main/java/com/mato/stg4cpp/Restaurant.kt","tags":{"FILE_LINE_OF_CODE":"17"}}
{"ts":1715073609138,"action":"FILE_OPENED","file":"/app/build.gradle.kts","tags":{"FILE_LINE_OF_CODE":"54"}}
{"ts":1715073624897,"action":"FILE_CLOSED","file":"/app/build.gradle.kts","tags":{"FILE_LINE_OF_CODE":"54"}}
{"ts":1715073624897,"action":"FILE_OPENED","file":"/generator/src/main/java/com/mato/stg4/generator/AutoConvertProcessor.kt","tags":{"FILE_LINE_OF_CODE":"30"}}
{"ts":1715073627577,"action":"FILE_CLOSED","file":"/generator/src/main/java/com/mato/stg4/generator/AutoConvertProcessor.kt","tags":{"FILE_LINE_OF_CODE":"30"}}
{"ts":1715073627577,"action":"FILE_OPENED","file":"/generator/src/main/java/com/mato/stg4/generator/ACGenerator.kt","tags":{"FILE_LINE_OF_CODE":"193"}}
{"ts":1715073645919,"action":"FILE_CLOSED","file":"/generator/src/main/java/com/mato/stg4/generator/ACGenerator.kt","tags":{"FILE_LINE_OF_CODE":"193"}}
{"ts":1715073676714,"action":"FILE_OPENED","file":"/generator/src/main/java/com/mato/stg4/generator/ACGenerator.kt","tags":{"FILE_LINE_OF_CODE":"193"}}
{"ts":1715073699776,"action":"IDE_DEACTIVATED"}
{"ts":1715073702612,"action":"IDE_ACTIVATED"}
{"ts":1715073717846,"action":"IDE_DEACTIVATED"}
{"ts":1715073766504,"action":"IDE_ACTIVATED"}
{"ts":1715073768470,"action":"IDE_DEACTIVATED"}
{"ts":1715073808646,"action":"IDE_ACTIVATED"}
{"ts":1715073811650,"action":"FILE_CLOSED","file":"/generator/src/main/java/com/mato/stg4/generator/ACGenerator.kt","tags":{"FILE_LINE_OF_CODE":"193"}}
{"ts":1715073811650,"action":"FILE_OPENED","file":"/local.properties","tags":{"FILE_LINE_OF_CODE":"9"}}
{"ts":1715073812417,"action":"FILE_CLOSED","file":"/local.properties","tags":{"FILE_LINE_OF_CODE":"9"}}
{"ts":1715073812417,"action":"FILE_OPENED","file":"/gradle.properties","tags":{"FILE_LINE_OF_CODE":"26"}}
{"ts":1715073815541,"action":"IDE_DEACTIVATED"}
{"ts":1715073817996,"action":"IDE_ACTIVATED"}
{"ts":1715073819717,"action":"IDE_DEACTIVATED"}
{"ts":1715073822817,"action":"IDE_ACTIVATED"}
{"ts":1715073824868,"action":"IDE_DEACTIVATED"}
{"ts":1715073827119,"action":"IDE_ACTIVATED"}
{"ts":1715073829605,"action":"IDE_DEACTIVATED"}
{"ts":1715073847768,"action":"IDE_ACTIVATED"}
{"ts":1715073856126,"action":"IDE_DEACTIVATED"}
{"ts":1715073893440,"action":"IDE_ACTIVATED"}
{"ts":1715073896749,"action":"IDE_DEACTIVATED"}
{"ts":1715073897784,"action":"IDE_ACTIVATED"}
{"ts":1715073898853,"action":"IDE_DEACTIVATED"}
{"ts":1715073900014,"action":"IDE_ACTIVATED"}
{"ts":1715073906493,"action":"IDE_DEACTIVATED"}
{"ts":1715073907122,"action":"IDE_ACTIVATED"}
{"ts":1715073910278,"action":"IDE_DEACTIVATED"}
{"ts":1715073911003,"action":"IDE_ACTIVATED"}
{"ts":1715073913854,"action":"IDE_DEACTIVATED"}
{"ts":1715073916145,"action":"IDE_ACTIVATED"}
{"ts":1715073917149,"action":"IDE_DEACTIVATED"}
{"ts":1715073919246,"action":"IDE_ACTIVATED"}
{"ts":1715073921164,"action":"IDE_DEACTIVATED"}
{"ts":1715073922757,"action":"IDE_ACTIVATED"}
{"ts":1715073928029,"action":"IDE_DEACTIVATED"}
{"ts":1715073937365,"action":"IDE_ACTIVATED"}
{"ts":1715073940338,"action":"IDE_DEACTIVATED"}
{"ts":1715073978878,"action":"IDE_ACTIVATED"}
{"ts":1715074098966,"action":"IDE_DEACTIVATED"}
{"ts":1715074101012,"action":"IDE_ACTIVATED"}
{"ts":1715074244924,"action":"IDE_DEACTIVATED"}
{"ts":1715074276208,"action":"IDE_ACTIVATED"}
{"ts":1715074280019,"action":"IDE_DEACTIVATED"}
{"ts":1715074294249,"action":"IDE_ACTIVATED"}
{"ts":1715074306507,"action":"IDE_DEACTIVATED"}
{"ts":1715074307941,"action":"IDE_ACTIVATED"}
{"ts":1715074316298,"action":"IDE_DEACTIVATED"}
{"ts":1715074317518,"action":"IDE_ACTIVATED"}
{"ts":1715074337205,"action":"FILE_CLOSED","file":"/gradle.properties","tags":{"FILE_LINE_OF_CODE":"26"}}
{"ts":1715074337205,"action":"FILE_OPENED","file":"/app/build/generated/ksp/debug/kotlin/com/mato/stg4cpp/RestaurantExt.kt","tags":{"FILE_LINE_OF_CODE":"30"}}
{"ts":1715074349031,"action":"FILE_CLOSED","file":"/app/build/generated/ksp/debug/kotlin/com/mato/stg4cpp/RestaurantExt.kt","tags":{"FILE_LINE_OF_CODE":"30"}}
{"ts":1715074349031,"action":"FILE_OPENED","file":"/generator/src/main/java/com/mato/stg4/generator/AutoConvertProcessorProvider.kt","tags":{"FILE_LINE_OF_CODE":"18"}}
{"ts":1715074350081,"action":"FILE_CLOSED","file":"/generator/src/main/java/com/mato/stg4/generator/AutoConvertProcessorProvider.kt","tags":{"FILE_LINE_OF_CODE":"18"}}
{"ts":1715074350081,"action":"FILE_OPENED","file":"/generator/src/main/java/com/mato/stg4/generator/AutoConvertProcessor.kt","tags":{"FILE_LINE_OF_CODE":"30"}}
{"ts":1715074352508,"action":"FILE_CLOSED","file":"/generator/src/main/java/com/mato/stg4/generator/AutoConvertProcessor.kt","tags":{"FILE_LINE_OF_CODE":"30"}}
{"ts":1715074352508,"action":"FILE_OPENED","file":"/generator/src/main/java/com/mato/stg4/generator/ACGenerator.kt","tags":{"FILE_LINE_OF_CODE":"193"}}
{"ts":1715074370626,"action":"IDE_DEACTIVATED"}
{"ts":1715074373602,"action":"IDE_ACTIVATED"}
{"ts":1715074374359,"action":"IDE_DEACTIVATED"}
{"ts":1715074374999,"action":"IDE_ACTIVATED"}
{"ts":1715074444737,"action":"FILE_CLOSED","file":"/generator/src/main/java/com/mato/stg4/generator/ACGenerator.kt","tags":{"FILE_LINE_OF_CODE":"193"}}
{"ts":1715074444737,"action":"FILE_OPENED","file":"/build.gradle.kts","tags":{"FILE_LINE_OF_CODE":"7"}}
{"ts":1715074447416,"action":"FILE_CLOSED","file":"/build.gradle.kts","tags":{"FILE_LINE_OF_CODE":"7"}}
{"ts":1715074447416,"action":"FILE_OPENED","file":"/gradlew.bat","tags":{"FILE_LINE_OF_CODE":"90"}}
{"ts":1715074448021,"action":"FILE_CLOSED","file":"/gradlew.bat","tags":{"FILE_LINE_OF_CODE":"90"}}
{"ts":1715074448021,"action":"FILE_OPENED","file":"/gradle.properties","tags":{"FILE_LINE_OF_CODE":"26"}}
{"ts":1715074468315,"action":"IDE_DEACTIVATED"}
{"ts":1715074527643,"action":"IDE_ACTIVATED"}
{"ts":1715074594089,"action":"IDE_DEACTIVATED"}
{"ts":1715074606518,"action":"IDE_ACTIVATED"}
{"ts":1715074652410,"action":"IDE_DEACTIVATED"}
{"ts":1715074722126,"action":"IDE_ACTIVATED"}
{"ts":1715074744410,"action":"IDE_DEACTIVATED"}
{"ts":1715074766447,"action":"IDE_ACTIVATED"}
{"ts":1715074790402,"action":"FILE_CLOSED","file":"/gradle.properties","tags":{"FILE_LINE_OF_CODE":"26"}}
{"ts":1715074790402,"action":"FILE_OPENED","file":"/generator/src/main/java/com/mato/stg4/generator/AutoConvertProcessor.kt","tags":{"FILE_LINE_OF_CODE":"30"}}
{"ts":1715074792217,"action":"FILE_CLOSED","file":"/generator/src/main/java/com/mato/stg4/generator/AutoConvertProcessor.kt","tags":{"FILE_LINE_OF_CODE":"30"}}
{"ts":1715074792217,"action":"FILE_OPENED","file":"/generator/src/main/java/com/mato/stg4/generator/AutoConvertProcessorProvider.kt","tags":{"FILE_LINE_OF_CODE":"18"}}
{"ts":1715074793072,"action":"FILE_CLOSED","file":"/generator/src/main/java/com/mato/stg4/generator/AutoConvertProcessorProvider.kt","tags":{"FILE_LINE_OF_CODE":"18"}}
{"ts":1715074793072,"action":"FILE_OPENED","file":"/generator/src/main/java/com/mato/stg4/generator/ACGenerator.kt","tags":{"FILE_LINE_OF_CODE":"193"}}
{"ts":1715074878468,"action":"FILE_CLOSED","file":"/generator/src/main/java/com/mato/stg4/generator/ACGenerator.kt","tags":{"FILE_LINE_OF_CODE":"193"}}
{"ts":1715074878468,"action":"FILE_OPENED","file":"/annotation/src/main/java/com/mato/stg4/annotation/AutoConvert.kt","tags":{"FILE_LINE_OF_CODE":"19"}}
{"ts":1715074880723,"action":"FILE_CLOSED","file":"/annotation/src/main/java/com/mato/stg4/annotation/AutoConvert.kt","tags":{"FILE_LINE_OF_CODE":"19"}}
{"ts":1715074880726,"action":"FILE_OPENED","file":"/generator/src/main/java/com/mato/stg4/generator/ACGenerator.kt","tags":{"FILE_LINE_OF_CODE":"193"}}
{"ts":1715074894907,"action":"FILE_CLOSED","file":"/generator/src/main/java/com/mato/stg4/generator/ACGenerator.kt","tags":{"FILE_LINE_OF_CODE":"193"}}
{"ts":1715074894907,"action":"FILE_OPENED","file":"/annotation/src/main/java/com/mato/stg4/annotation/AutoConvert.kt","tags":{"FILE_LINE_OF_CODE":"19"}}
{"ts":1715074906795,"action":"FILE_CLOSED","file":"/annotation/src/main/java/com/mato/stg4/annotation/AutoConvert.kt","tags":{"FILE_LINE_OF_CODE":"19"}}
{"ts":1715074915637,"action":"FILE_OPENED","file":"/generator/src/main/java/com/mato/stg4/generator/ACGenerator.kt","tags":{"FILE_LINE_OF_CODE":"193"}}
{"ts":1715075239587,"action":"FILE_CLOSED","file":"/generator/src/main/java/com/mato/stg4/generator/ACGenerator.kt","tags":{"FILE_LINE_OF_CODE":"195"}}
{"ts":1715075253448,"action":"FILE_OPENED","file":"/generator/src/main/java/com/mato/stg4/generator/ACGenerator.kt","tags":{"FILE_LINE_OF_CODE":"195"}}
{"ts":1715075306874,"action":"FILE_CLOSED","file":"/generator/src/main/java/com/mato/stg4/generator/ACGenerator.kt","tags":{"FILE_LINE_OF_CODE":"195"}}
{"ts":1715075340061,"action":"FILE_OPENED","file":"/generator/src/main/java/com/mato/stg4/generator/ACGenerator.kt","tags":{"FILE_LINE_OF_CODE":"195"}}
{"ts":1715075355276,"action":"FILE_CLOSED","file":"/generator/src/main/java/com/mato/stg4/generator/ACGenerator.kt","tags":{"FILE_LINE_OF_CODE":"195"}}
{"ts":1715075355276,"action":"FILE_OPENED","file":"/annotation/src/main/java/com/mato/stg4/annotation/AutoConvert.kt","tags":{"FILE_LINE_OF_CODE":"19"}}
{"ts":1715075359085,"action":"FILE_CLOSED","file":"/annotation/src/main/java/com/mato/stg4/annotation/AutoConvert.kt","tags":{"FILE_LINE_OF_CODE":"19"}}
{"ts":1715075359085,"action":"FILE_OPENED","file":"/annotation/src/main/java/com/mato/stg4/annotation/ACFunction.kt","tags":{"FILE_LINE_OF_CODE":"15"}}
{"ts":1715075361684,"action":"FILE_CLOSED","file":"/annotation/src/main/java/com/mato/stg4/annotation/ACFunction.kt","tags":{"FILE_LINE_OF_CODE":"15"}}
{"ts":1715075361687,"action":"FILE_OPENED","file":"/annotation/src/main/java/com/mato/stg4/annotation/AutoConvert.kt","tags":{"FILE_LINE_OF_CODE":"19"}}
{"ts":1715075363847,"action":"FILE_CLOSED","file":"/annotation/src/main/java/com/mato/stg4/annotation/AutoConvert.kt","tags":{"FILE_LINE_OF_CODE":"19"}}
{"ts":1715075363847,"action":"FILE_OPENED","file":"/generator/src/main/java/com/mato/stg4/generator/ACGenerator.kt","tags":{"FILE_LINE_OF_CODE":"195"}}
{"ts":1715075371293,"action":"FILE_CLOSED","file":"/generator/src/main/java/com/mato/stg4/generator/ACGenerator.kt","tags":{"FILE_LINE_OF_CODE":"195"}}
{"ts":1715075371293,"action":"FILE_OPENED","file":"/annotation/src/main/java/com/mato/stg4/annotation/AutoConvert.kt","tags":{"FILE_LINE_OF_CODE":"19"}}
{"ts":1715075381760,"action":"FILE_CLOSED","file":"/annotation/src/main/java/com/mato/stg4/annotation/AutoConvert.kt","tags":{"FILE_LINE_OF_CODE":"19"}}
{"ts":1715075381763,"action":"FILE_OPENED","file":"/generator/src/main/java/com/mato/stg4/generator/ACGenerator.kt","tags":{"FILE_LINE_OF_CODE":"195"}}
{"ts":1715075415436,"action":"FILE_CLOSED","file":"/generator/src/main/java/com/mato/stg4/generator/ACGenerator.kt","tags":{"FILE_LINE_OF_CODE":"195"}}
{"ts":1715075417062,"action":"FILE_OPENED","file":"/generator/src/main/java/com/mato/stg4/generator/ACGenerator.kt","tags":{"FILE_LINE_OF_CODE":"195"}}
{"ts":1715075452314,"action":"FILE_CLOSED","file":"/generator/src/main/java/com/mato/stg4/generator/ACGenerator.kt","tags":{"FILE_LINE_OF_CODE":"195"}}
{"ts":1715075452314,"action":"FILE_OPENED","file":"/app/src/main/java/com/mato/stg4cpp/Restaurant.kt","tags":{"FILE_LINE_OF_CODE":"17"}}
{"ts":1715075455849,"action":"FILE_CLOSED","file":"/app/src/main/java/com/mato/stg4cpp/Restaurant.kt","tags":{"FILE_LINE_OF_CODE":"17"}}
{"ts":1715075455849,"action":"FILE_OPENED","file":"/annotation/src/main/java/com/mato/stg4/annotation/ACFunction.kt","tags":{"FILE_LINE_OF_CODE":"15"}}
{"ts":1715075457791,"action":"FILE_CLOSED","file":"/annotation/src/main/java/com/mato/stg4/annotation/ACFunction.kt","tags":{"FILE_LINE_OF_CODE":"15"}}
{"ts":1715075457794,"action":"FILE_OPENED","file":"/app/src/main/java/com/mato/stg4cpp/Restaurant.kt","tags":{"FILE_LINE_OF_CODE":"17"}}
{"ts":1715075458929,"action":"FILE_CLOSED","file":"/app/src/main/java/com/mato/stg4cpp/Restaurant.kt","tags":{"FILE_LINE_OF_CODE":"17"}}
{"ts":1715075458929,"action":"FILE_OPENED","file":"/generator/src/main/java/com/mato/stg4/generator/ACGenerator.kt","tags":{"FILE_LINE_OF_CODE":"195"}}
{"ts":1715075477086,"action":"FILE_CLOSED","file":"/generator/src/main/java/com/mato/stg4/generator/ACGenerator.kt","tags":{"FILE_LINE_OF_CODE":"195"}}
{"ts":1715075477086,"action":"FILE_OPENED","file":"/generator/src/main/java/com/mato/stg4/generator/AutoConvertProcessor.kt","tags":{"FILE_LINE_OF_CODE":"30"}}
{"ts":1715075484976,"action":"FILE_CLOSED","file":"/generator/src/main/java/com/mato/stg4/generator/AutoConvertProcessor.kt","tags":{"FILE_LINE_OF_CODE":"30"}}
{"ts":1715075484976,"action":"FILE_OPENED","file":"/generator/src/main/java/com/mato/stg4/generator/ACGenerator.kt","tags":{"FILE_LINE_OF_CODE":"195"}}
{"ts":1715075641411,"action":"IDE_DEACTIVATED"}
{"ts":1715075681627,"action":"IDE_ACTIVATED"}
{"ts":1715075884755,"action":"IDE_DEACTIVATED"}
{"ts":1715075946625,"action":"IDE_ACTIVATED"}
{"ts":1715075976958,"action":"FILE_CLOSED","file":"/generator/src/main/java/com/mato/stg4/generator/ACGenerator.kt","tags":{"FILE_LINE_OF_CODE":"199"}}
{"ts":1715075976958,"action":"FILE_OPENED","file":"/generator/src/main/java/com/mato/stg4/generator/Ext.kt","tags":{"FILE_LINE_OF_CODE":"31"}}
{"ts":1715075979851,"action":"FILE_CLOSED","file":"/generator/src/main/java/com/mato/stg4/generator/Ext.kt","tags":{"FILE_LINE_OF_CODE":"31"}}
{"ts":1715075979851,"action":"FILE_OPENED","file":"/generator/src/main/java/com/mato/stg4/generator/JsonNamingStrategy.kt","tags":{"FILE_LINE_OF_CODE":"14"}}
{"ts":1715075980868,"action":"FILE_CLOSED","file":"/generator/src/main/java/com/mato/stg4/generator/JsonNamingStrategy.kt","tags":{"FILE_LINE_OF_CODE":"14"}}
{"ts":1715075980868,"action":"FILE_OPENED","file":"/generator/src/main/java/com/mato/stg4/generator/AutoConvertProcessorProvider.kt","tags":{"FILE_LINE_OF_CODE":"18"}}
{"ts":1715075981717,"action":"FILE_CLOSED","file":"/generator/src/main/java/com/mato/stg4/generator/AutoConvertProcessorProvider.kt","tags":{"FILE_LINE_OF_CODE":"18"}}
{"ts":1715075981717,"action":"FILE_OPENED","file":"/generator/src/main/java/com/mato/stg4/generator/AutoConvertProcessor.kt","tags":{"FILE_LINE_OF_CODE":"30"}}
{"ts":1715075982516,"action":"FILE_CLOSED","file":"/generator/src/main/java/com/mato/stg4/generator/AutoConvertProcessor.kt","tags":{"FILE_LINE_OF_CODE":"30"}}
{"ts":1715075982516,"action":"FILE_OPENED","file":"/generator/src/main/java/com/mato/stg4/generator/ACGenerator.kt","tags":{"FILE_LINE_OF_CODE":"199"}}
{"ts":1715075987857,"action":"FILE_CLOSED","file":"/generator/src/main/java/com/mato/stg4/generator/ACGenerator.kt","tags":{"FILE_LINE_OF_CODE":"199"}}
{"ts":1715075987857,"action":"FILE_OPENED","file":"/annotation/src/main/java/com/mato/stg4/annotation/AutoConvert.kt","tags":{"FILE_LINE_OF_CODE":"19"}}
{"ts":1715075991286,"action":"FILE_CLOSED","file":"/annotation/src/main/java/com/mato/stg4/annotation/AutoConvert.kt","tags":{"FILE_LINE_OF_CODE":"19"}}
{"ts":1715075991286,"action":"FILE_OPENED","file":"/annotation/src/main/java/com/mato/stg4/annotation/ACFunction.kt","tags":{"FILE_LINE_OF_CODE":"15"}}
{"ts":1715075996810,"action":"FILE_CLOSED","file":"/annotation/src/main/java/com/mato/stg4/annotation/ACFunction.kt","tags":{"FILE_LINE_OF_CODE":"15"}}
{"ts":1715075996810,"action":"FILE_OPENED","file":"/generator/src/main/java/com/mato/stg4/generator/Ext.kt","tags":{"FILE_LINE_OF_CODE":"31"}}
{"ts":1715076003634,"action":"FILE_CLOSED","file":"/generator/src/main/java/com/mato/stg4/generator/Ext.kt","tags":{"FILE_LINE_OF_CODE":"31"}}
{"ts":1715076003634,"action":"FILE_OPENED","file":"/generator/src/main/java/com/mato/stg4/generator/AutoConvertProcessor.kt","tags":{"FILE_LINE_OF_CODE":"30"}}
{"ts":1715076004889,"action":"FILE_CLOSED","file":"/generator/src/main/java/com/mato/stg4/generator/AutoConvertProcessor.kt","tags":{"FILE_LINE_OF_CODE":"30"}}
{"ts":1715076004889,"action":"FILE_OPENED","file":"/generator/src/main/java/com/mato/stg4/generator/AutoConvertProcessorProvider.kt","tags":{"FILE_LINE_OF_CODE":"18"}}
{"ts":1715076005686,"action":"FILE_CLOSED","file":"/generator/src/main/java/com/mato/stg4/generator/AutoConvertProcessorProvider.kt","tags":{"FILE_LINE_OF_CODE":"18"}}
{"ts":1715076005686,"action":"FILE_OPENED","file":"/generator/src/main/java/com/mato/stg4/generator/Ext.kt","tags":{"FILE_LINE_OF_CODE":"31"}}
{"ts":1715076009570,"action":"FILE_CLOSED","file":"/generator/src/main/java/com/mato/stg4/generator/Ext.kt","tags":{"FILE_LINE_OF_CODE":"31"}}
{"ts":1715076009570,"action":"FILE_OPENED","file":"/generator/src/main/java/com/mato/stg4/generator/JsonNamingStrategy.kt","tags":{"FILE_LINE_OF_CODE":"14"}}
{"ts":1715076014574,"action":"FILE_CLOSED","file":"/generator/src/main/java/com/mato/stg4/generator/JsonNamingStrategy.kt","tags":{"FILE_LINE_OF_CODE":"14"}}
{"ts":1715076014574,"action":"FILE_OPENED","file":"/annotation/src/main/java/com/mato/stg4/annotation/ACFunction.kt","tags":{"FILE_LINE_OF_CODE":"15"}}
{"ts":1715076015067,"action":"FILE_CLOSED","file":"/annotation/src/main/java/com/mato/stg4/annotation/ACFunction.kt","tags":{"FILE_LINE_OF_CODE":"15"}}
{"ts":1715076015067,"action":"FILE_OPENED","file":"/annotation/src/main/java/com/mato/stg4/annotation/AutoConvert.kt","tags":{"FILE_LINE_OF_CODE":"19"}}
{"ts":1715076015621,"action":"FILE_CLOSED","file":"/annotation/src/main/java/com/mato/stg4/annotation/AutoConvert.kt","tags":{"FILE_LINE_OF_CODE":"19"}}
{"ts":1715076015621,"action":"FILE_OPENED","file":"/generator/src/main/java/com/mato/stg4/generator/ACGenerator.kt","tags":{"FILE_LINE_OF_CODE":"199"}}
{"ts":1715076064576,"action":"FILE_CLOSED","file":"/generator/src/main/java/com/mato/stg4/generator/ACGenerator.kt","tags":{"FILE_LINE_OF_CODE":"199"}}
{"ts":1715076064576,"action":"FILE_OPENED","file":"/annotation/src/main/java/com/mato/stg4/annotation/AutoConvert.kt","tags":{"FILE_LINE_OF_CODE":"19"}}
{"ts":1715076068765,"action":"FILE_CLOSED","file":"/annotation/src/main/java/com/mato/stg4/annotation/AutoConvert.kt","tags":{"FILE_LINE_OF_CODE":"19"}}
{"ts":1715076068765,"action":"FILE_OPENED","file":"/generator/src/main/java/com/mato/stg4/generator/AutoConvertProcessor.kt","tags":{"FILE_LINE_OF_CODE":"30"}}
{"ts":1715076075877,"action":"FILE_CLOSED","file":"/generator/src/main/java/com/mato/stg4/generator/AutoConvertProcessor.kt","tags":{"FILE_LINE_OF_CODE":"30"}}
{"ts":1715076075877,"action":"FILE_OPENED","file":"/annotation/src/main/java/com/mato/stg4/annotation/AutoConvert.kt","tags":{"FILE_LINE_OF_CODE":"19"}}
{"ts":1715076092781,"action":"FILE_CLOSED","file":"/annotation/src/main/java/com/mato/stg4/annotation/AutoConvert.kt","tags":{"FILE_LINE_OF_CODE":"19"}}
{"ts":1715076092781,"action":"FILE_OPENED","file":"/generator/src/main/java/com/mato/stg4/generator/ACGenerator.kt","tags":{"FILE_LINE_OF_CODE":"199"}}
{"ts":1715076094721,"action":"IDE_DEACTIVATED"}
{"ts":1715076096165,"action":"IDE_ACTIVATED"}
{"ts":1715076096271,"action":"IDE_DEACTIVATED"}
{"ts":1715076098989,"action":"IDE_ACTIVATED"}
{"ts":1715076180794,"action":"FILE_CLOSED","file":"/generator/src/main/java/com/mato/stg4/generator/ACGenerator.kt","tags":{"FILE_LINE_OF_CODE":"199"}}
{"ts":1715076180794,"action":"FILE_OPENED","file":"/annotation/src/main/java/com/mato/stg4/annotation/AutoConvert.kt","tags":{"FILE_LINE_OF_CODE":"19"}}
{"ts":1715076183586,"action":"FILE_CLOSED","file":"/annotation/src/main/java/com/mato/stg4/annotation/AutoConvert.kt","tags":{"FILE_LINE_OF_CODE":"19"}}
{"ts":1715076183586,"action":"FILE_OPENED","file":"/app/src/main/java/com/mato/stg4cpp/Restaurant.kt","tags":{"FILE_LINE_OF_CODE":"17"}}
{"ts":1715076189527,"action":"FILE_CLOSED","file":"/app/src/main/java/com/mato/stg4cpp/Restaurant.kt","tags":{"FILE_LINE_OF_CODE":"17"}}
{"ts":1715076189527,"action":"FILE_OPENED","file":"/annotation/src/main/java/com/mato/stg4/annotation/ACFunction.kt","tags":{"FILE_LINE_OF_CODE":"15"}}
{"ts":1715076192537,"action":"FILE_CLOSED","file":"/annotation/src/main/java/com/mato/stg4/annotation/ACFunction.kt","tags":{"FILE_LINE_OF_CODE":"15"}}
{"ts":1715076192537,"action":"FILE_OPENED","file":"/app/src/main/java/com/mato/stg4cpp/pkg2/Location.kt","tags":{"FILE_LINE_OF_CODE":"15"}}
{"ts":1715076193551,"action":"FILE_CLOSED","file":"/app/src/main/java/com/mato/stg4cpp/pkg2/Location.kt","tags":{"FILE_LINE_OF_CODE":"15"}}
{"ts":1715076193551,"action":"FILE_OPENED","file":"/annotation/src/main/java/com/mato/stg4/annotation/ACFunction.kt","tags":{"FILE_LINE_OF_CODE":"15"}}
{"ts":1715076200242,"action":"FILE_CLOSED","file":"/annotation/src/main/java/com/mato/stg4/annotation/ACFunction.kt","tags":{"FILE_LINE_OF_CODE":"15"}}
{"ts":1715076200242,"action":"FILE_OPENED","file":"/generator/src/main/java/com/mato/stg4/generator/ACGenerator.kt","tags":{"FILE_LINE_OF_CODE":"199"}}
{"ts":1715076256767,"action":"FILE_CLOSED","file":"/generator/src/main/java/com/mato/stg4/generator/ACGenerator.kt","tags":{"FILE_LINE_OF_CODE":"199"}}
{"ts":1715076256767,"action":"FILE_OPENED","file":"/generator/src/main/java/com/mato/stg4/generator/Ext.kt","tags":{"FILE_LINE_OF_CODE":"31"}}
{"ts":1715076260091,"action":"FILE_CLOSED","file":"/generator/src/main/java/com/mato/stg4/generator/Ext.kt","tags":{"FILE_LINE_OF_CODE":"31"}}
{"ts":1715076260094,"action":"FILE_OPENED","file":"/app/src/main/java/com/mato/stg4cpp/pkg2/Location.kt","tags":{"FILE_LINE_OF_CODE":"15"}}
{"ts":1715076261508,"action":"FILE_CLOSED","file":"/app/src/main/java/com/mato/stg4cpp/pkg2/Location.kt","tags":{"FILE_LINE_OF_CODE":"15"}}
{"ts":1715076261511,"action":"FILE_OPENED","file":"/annotation/src/main/java/com/mato/stg4/annotation/ACFunction.kt","tags":{"FILE_LINE_OF_CODE":"15"}}
{"ts":1715076262351,"action":"FILE_CLOSED","file":"/annotation/src/main/java/com/mato/stg4/annotation/ACFunction.kt","tags":{"FILE_LINE_OF_CODE":"15"}}
{"ts":1715076262351,"action":"FILE_OPENED","file":"/annotation/src/main/java/com/mato/stg4/annotation/AutoConvert.kt","tags":{"FILE_LINE_OF_CODE":"19"}}
{"ts":1715076262908,"action":"FILE_CLOSED","file":"/annotation/src/main/java/com/mato/stg4/annotation/AutoConvert.kt","tags":{"FILE_LINE_OF_CODE":"19"}}
{"ts":1715076262908,"action":"FILE_OPENED","file":"/generator/src/main/java/com/mato/stg4/generator/ACGenerator.kt","tags":{"FILE_LINE_OF_CODE":"199"}}
{"ts":1715076312822,"action":"IDE_DEACTIVATED"}
{"ts":1715076312915,"action":"IDE_ACTIVATED"}
{"ts":1715076401619,"action":"IDE_DEACTIVATED"}
